********
neutron-server (PID 11510)
**********************
CPU usage percentage (cputime/realtime ratio)
----------------
1.7
1.7
1.7
1.7
1.7
1.7
1.7
1.7
1.7
1.7
1.7
1.7
1.7
1.7
1.7
1.7
1.7
1.7
1.7
1.7
1.7
1.7
1.7
1.7
1.7
1.7
1.7
1.7
1.7
1.7
1.7
1.7
1.7
1.7
1.7
1.7
1.7
1.7
1.7
1.7
Memory usage in kB
----------------
369811
369811
369811
369811
369811
369811
369811
369811
369811
371287
371859
371859
371859
371859
371859
371859
371859
371859
371859
371859
371859
371859
371859
371859
371859
371859
371859
371859
371859
371859
371859
371859
371859
371859
371859
371859
371859
370795
370795
370795


********
neutron-dhcp-agent (PID 11715)
**********************
CPU usage percentage (cputime/realtime ratio)
----------------
0.6
0.6
0.6
0.6
0.6
0.6
0.6
0.6
0.6
0.6
0.6
0.6
0.6
0.6
0.6
0.6
0.6
0.6
0.6
0.6
0.6
0.6
0.6
0.6
0.6
0.6
0.6
0.6
0.6
0.6
0.6
0.6
0.6
0.6
0.6
0.6
0.6
0.6
0.6
0.6
Memory usage in kB
----------------
193280
193280
193280
193280
193280
193280
193280
193280
193280
193280
193280
193280
193280
193280
193280
193280
193280
193280
193280
193280
193280
193280
193280
193280
193280
193280
193280
193280
193280
193280
193280
193280
193280
193280
193280
193280
193280
193280
193280
193280
